<?xml version="1.0" encoding="UTF-8"?>
<testsuite name="com.mini.pilot.springboot.web.CustomerApiControllerTest" tests="1" skipped="0" failures="0" errors="0" timestamp="2021-05-02T17:20:43" hostname="DESKTOP-N55I75M" time="0.605">
  <properties/>
  <testcase name="Customer_info_조회된다()" classname="com.mini.pilot.springboot.web.CustomerApiControllerTest" time="0.605"/>
  <system-out><![CDATA[02:20:39.078 [Test worker] DEBUG org.springframework.test.context.BootstrapUtils - Instantiating CacheAwareContextLoaderDelegate from class [org.springframework.test.context.cache.DefaultCacheAwareContextLoaderDelegate]
02:20:39.088 [Test worker] DEBUG org.springframework.test.context.BootstrapUtils - Instantiating BootstrapContext using constructor [public org.springframework.test.context.support.DefaultBootstrapContext(java.lang.Class,org.springframework.test.context.CacheAwareContextLoaderDelegate)]
02:20:39.117 [Test worker] DEBUG org.springframework.test.context.BootstrapUtils - Instantiating TestContextBootstrapper for test class [com.mini.pilot.springboot.web.CustomerApiControllerTest] from class [org.springframework.boot.test.context.SpringBootTestContextBootstrapper]
02:20:39.126 [Test worker] INFO org.springframework.boot.test.context.SpringBootTestContextBootstrapper - Neither @ContextConfiguration nor @ContextHierarchy found for test class [com.mini.pilot.springboot.web.CustomerApiControllerTest], using SpringBootContextLoader
02:20:39.130 [Test worker] DEBUG org.springframework.test.context.support.AbstractContextLoader - Did not detect default resource location for test class [com.mini.pilot.springboot.web.CustomerApiControllerTest]: class path resource [com/mini/pilot/springboot/web/CustomerApiControllerTest-context.xml] does not exist
02:20:39.131 [Test worker] DEBUG org.springframework.test.context.support.AbstractContextLoader - Did not detect default resource location for test class [com.mini.pilot.springboot.web.CustomerApiControllerTest]: class path resource [com/mini/pilot/springboot/web/CustomerApiControllerTestContext.groovy] does not exist
02:20:39.131 [Test worker] INFO org.springframework.test.context.support.AbstractContextLoader - Could not detect default resource locations for test class [com.mini.pilot.springboot.web.CustomerApiControllerTest]: no resource found for suffixes {-context.xml, Context.groovy}.
02:20:39.131 [Test worker] INFO org.springframework.test.context.support.AnnotationConfigContextLoaderUtils - Could not detect default configuration classes for test class [com.mini.pilot.springboot.web.CustomerApiControllerTest]: CustomerApiControllerTest does not declare any static, non-private, non-final, nested classes annotated with @Configuration.
02:20:39.168 [Test worker] DEBUG org.springframework.test.context.support.ActiveProfilesUtils - Could not find an 'annotation declaring class' for annotation type [org.springframework.test.context.ActiveProfiles] and class [com.mini.pilot.springboot.web.CustomerApiControllerTest]
02:20:39.228 [Test worker] DEBUG org.springframework.context.annotation.ClassPathScanningCandidateComponentProvider - Identified candidate component class: file [C:\Users\김도희\IdeaProjects\pilot-springboot-webservice\build\classes\java\main\com\mini\pilot\springboot\Application.class]
02:20:39.229 [Test worker] INFO org.springframework.boot.test.context.SpringBootTestContextBootstrapper - Found @SpringBootConfiguration com.mini.pilot.springboot.Application for test class com.mini.pilot.springboot.web.CustomerApiControllerTest
02:20:39.313 [Test worker] DEBUG org.springframework.boot.test.context.SpringBootTestContextBootstrapper - @TestExecutionListeners is not present for class [com.mini.pilot.springboot.web.CustomerApiControllerTest]: using defaults.
02:20:39.314 [Test worker] INFO org.springframework.boot.test.context.SpringBootTestContextBootstrapper - Loaded default TestExecutionListener class names from location [META-INF/spring.factories]: [org.springframework.boot.test.autoconfigure.restdocs.RestDocsTestExecutionListener, org.springframework.boot.test.autoconfigure.web.client.MockRestServiceServerResetTestExecutionListener, org.springframework.boot.test.autoconfigure.web.servlet.MockMvcPrintOnlyOnFailureTestExecutionListener, org.springframework.boot.test.autoconfigure.web.servlet.WebDriverTestExecutionListener, org.springframework.boot.test.autoconfigure.webservices.client.MockWebServiceServerTestExecutionListener, org.springframework.boot.test.mock.mockito.MockitoTestExecutionListener, org.springframework.boot.test.mock.mockito.ResetMocksTestExecutionListener, org.springframework.test.context.web.ServletTestExecutionListener, org.springframework.test.context.support.DirtiesContextBeforeModesTestExecutionListener, org.springframework.test.context.support.DependencyInjectionTestExecutionListener, org.springframework.test.context.support.DirtiesContextTestExecutionListener, org.springframework.test.context.transaction.TransactionalTestExecutionListener, org.springframework.test.context.jdbc.SqlScriptsTestExecutionListener, org.springframework.test.context.event.EventPublishingTestExecutionListener]
02:20:39.327 [Test worker] INFO org.springframework.boot.test.context.SpringBootTestContextBootstrapper - Using TestExecutionListeners: [org.springframework.test.context.web.ServletTestExecutionListener@45d38eaf, org.springframework.test.context.support.DirtiesContextBeforeModesTestExecutionListener@263b3ef4, org.springframework.boot.test.mock.mockito.MockitoTestExecutionListener@6ceaec16, org.springframework.boot.test.autoconfigure.SpringBootDependencyInjectionTestExecutionListener@2e64291c, org.springframework.test.context.support.DirtiesContextTestExecutionListener@771b6c89, org.springframework.test.context.transaction.TransactionalTestExecutionListener@8a83000, org.springframework.test.context.jdbc.SqlScriptsTestExecutionListener@3319e75f, org.springframework.test.context.event.EventPublishingTestExecutionListener@3cba04e9, org.springframework.boot.test.autoconfigure.restdocs.RestDocsTestExecutionListener@106948d3, org.springframework.boot.test.autoconfigure.web.client.MockRestServiceServerResetTestExecutionListener@590852ee, org.springframework.boot.test.autoconfigure.web.servlet.MockMvcPrintOnlyOnFailureTestExecutionListener@25d7658f, org.springframework.boot.test.autoconfigure.web.servlet.WebDriverTestExecutionListener@4926a090, org.springframework.boot.test.autoconfigure.webservices.client.MockWebServiceServerTestExecutionListener@135346b7, org.springframework.boot.test.mock.mockito.ResetMocksTestExecutionListener@8d7e911]
02:20:39.329 [Test worker] DEBUG org.springframework.test.context.support.AbstractDirtiesContextTestExecutionListener - Before test class: context [DefaultTestContext@297b849d testClass = CustomerApiControllerTest, testInstance = [null], testMethod = [null], testException = [null], mergedContextConfiguration = [WebMergedContextConfiguration@7ff85514 testClass = CustomerApiControllerTest, locations = '{}', classes = '{class com.mini.pilot.springboot.Application}', contextInitializerClasses = '[]', activeProfiles = '{}', propertySourceLocations = '{}', propertySourceProperties = '{org.springframework.boot.test.context.SpringBootTestContextBootstrapper=true, server.port=0}', contextCustomizers = set[org.springframework.boot.test.autoconfigure.actuate.metrics.MetricsExportContextCustomizerFactory$DisableMetricExportContextCustomizer@bf4086d, org.springframework.boot.test.autoconfigure.properties.PropertyMappingContextCustomizer@0, org.springframework.boot.test.autoconfigure.web.servlet.WebDriverContextCustomizerFactory$Customizer@7564b558, org.springframework.boot.test.context.filter.ExcludeFilterContextCustomizer@2a8b50b7, org.springframework.boot.test.json.DuplicateJsonObjectContextCustomizerFactory$DuplicateJsonObjectContextCustomizer@1e61da9d, org.springframework.boot.test.mock.mockito.MockitoContextCustomizer@0, org.springframework.boot.test.web.client.TestRestTemplateContextCustomizer@77e9133, org.springframework.boot.test.context.SpringBootTestArgs@1, org.springframework.boot.test.context.SpringBootTestWebEnvironment@5e78baca], resourceBasePath = 'src/main/webapp', contextLoader = 'org.springframework.boot.test.context.SpringBootContextLoader', parent = [null]], attributes = map['org.springframework.test.context.web.ServletTestExecutionListener.activateListener' -> false]], class annotated with @DirtiesContext [false] with mode [null].
02:20:39.339 [Test worker] DEBUG org.springframework.test.context.support.DependencyInjectionTestExecutionListener - Performing dependency injection for test context [[DefaultTestContext@297b849d testClass = CustomerApiControllerTest, testInstance = com.mini.pilot.springboot.web.CustomerApiControllerTest@441e107c, testMethod = [null], testException = [null], mergedContextConfiguration = [WebMergedContextConfiguration@7ff85514 testClass = CustomerApiControllerTest, locations = '{}', classes = '{class com.mini.pilot.springboot.Application}', contextInitializerClasses = '[]', activeProfiles = '{}', propertySourceLocations = '{}', propertySourceProperties = '{org.springframework.boot.test.context.SpringBootTestContextBootstrapper=true, server.port=0}', contextCustomizers = set[org.springframework.boot.test.autoconfigure.actuate.metrics.MetricsExportContextCustomizerFactory$DisableMetricExportContextCustomizer@bf4086d, org.springframework.boot.test.autoconfigure.properties.PropertyMappingContextCustomizer@0, org.springframework.boot.test.autoconfigure.web.servlet.WebDriverContextCustomizerFactory$Customizer@7564b558, org.springframework.boot.test.context.filter.ExcludeFilterContextCustomizer@2a8b50b7, org.springframework.boot.test.json.DuplicateJsonObjectContextCustomizerFactory$DuplicateJsonObjectContextCustomizer@1e61da9d, org.springframework.boot.test.mock.mockito.MockitoContextCustomizer@0, org.springframework.boot.test.web.client.TestRestTemplateContextCustomizer@77e9133, org.springframework.boot.test.context.SpringBootTestArgs@1, org.springframework.boot.test.context.SpringBootTestWebEnvironment@5e78baca], resourceBasePath = 'src/main/webapp', contextLoader = 'org.springframework.boot.test.context.SpringBootContextLoader', parent = [null]], attributes = map['org.springframework.test.context.web.ServletTestExecutionListener.activateListener' -> false]]].
02:20:39.355 [Test worker] DEBUG org.springframework.test.context.support.TestPropertySourceUtils - Adding inlined properties to environment: {spring.jmx.enabled=false, org.springframework.boot.test.context.SpringBootTestContextBootstrapper=true, server.port=0}

  .   ____          _            __ _ _
 /\\ / ___'_ __ _ _(_)_ __  __ _ \ \ \ \
( ( )\___ | '_ | '_| | '_ \/ _` | \ \ \ \
 \\/  ___)| |_)| | | | | || (_| |  ) ) ) )
  '  |____| .__|_| |_|_| |_\__, | / / / /
 =========|_|==============|___/=/_/_/_/
 :: Spring Boot ::                (v2.4.1)

2021-05-03 02:20:39.580  INFO 5784 --- [    Test worker] c.m.p.s.web.CustomerApiControllerTest    : Starting CustomerApiControllerTest using Java 11.0.10 on DESKTOP-N55I75M with PID 5784 (started by 김도희 in C:\Users\김도희\IdeaProjects\pilot-springboot-webservice)
2021-05-03 02:20:39.582  INFO 5784 --- [    Test worker] c.m.p.s.web.CustomerApiControllerTest    : No active profile set, falling back to default profiles: default
2021-05-03 02:20:40.110  INFO 5784 --- [    Test worker] .s.d.r.c.RepositoryConfigurationDelegate : Bootstrapping Spring Data JPA repositories in DEFAULT mode.
2021-05-03 02:20:40.170  INFO 5784 --- [    Test worker] .s.d.r.c.RepositoryConfigurationDelegate : Finished Spring Data repository scanning in 48 ms. Found 2 JPA repository interfaces.
2021-05-03 02:20:40.691  INFO 5784 --- [    Test worker] o.s.b.w.embedded.tomcat.TomcatWebServer  : Tomcat initialized with port(s): 0 (http)
2021-05-03 02:20:40.701  INFO 5784 --- [    Test worker] o.apache.catalina.core.StandardService   : Starting service [Tomcat]
2021-05-03 02:20:40.701  INFO 5784 --- [    Test worker] org.apache.catalina.core.StandardEngine  : Starting Servlet engine: [Apache Tomcat/9.0.41]
2021-05-03 02:20:40.793  INFO 5784 --- [    Test worker] o.a.c.c.C.[Tomcat].[localhost].[/]       : Initializing Spring embedded WebApplicationContext
2021-05-03 02:20:40.793  INFO 5784 --- [    Test worker] w.s.c.ServletWebServerApplicationContext : Root WebApplicationContext: initialization completed in 1192 ms
2021-05-03 02:20:40.999  INFO 5784 --- [    Test worker] com.zaxxer.hikari.HikariDataSource       : HikariPool-1 - Starting...
2021-05-03 02:20:41.155  INFO 5784 --- [    Test worker] com.zaxxer.hikari.HikariDataSource       : HikariPool-1 - Start completed.
2021-05-03 02:20:41.213  INFO 5784 --- [    Test worker] o.hibernate.jpa.internal.util.LogHelper  : HHH000204: Processing PersistenceUnitInfo [name: default]
2021-05-03 02:20:41.265  INFO 5784 --- [    Test worker] org.hibernate.Version                    : HHH000412: Hibernate ORM core version 5.4.25.Final
2021-05-03 02:20:41.403  INFO 5784 --- [    Test worker] o.hibernate.annotations.common.Version   : HCANN000001: Hibernate Commons Annotations {5.1.2.Final}
2021-05-03 02:20:41.520  INFO 5784 --- [    Test worker] org.hibernate.dialect.Dialect            : HHH000400: Using dialect: org.hibernate.dialect.MySQL57Dialect
Hibernate: drop table if exists customer
Hibernate: drop table if exists sktservice
Hibernate: create table customer (id bigint not null auto_increment, created_date datetime(6), modified_date datetime(6), age integer not null, customername varchar(500) not null, primary key (id)) engine=InnoDB
Hibernate: create table sktservice (id bigint not null auto_increment, created_date datetime(6), modified_date datetime(6), customerid bigint not null, svcnum varchar(100) not null, primary key (id)) engine=InnoDB
2021-05-03 02:20:42.092  INFO 5784 --- [    Test worker] o.h.e.t.j.p.i.JtaPlatformInitiator       : HHH000490: Using JtaPlatform implementation: [org.hibernate.engine.transaction.jta.platform.internal.NoJtaPlatform]
2021-05-03 02:20:42.100  INFO 5784 --- [    Test worker] j.LocalContainerEntityManagerFactoryBean : Initialized JPA EntityManagerFactory for persistence unit 'default'
2021-05-03 02:20:42.564  WARN 5784 --- [    Test worker] JpaBaseConfiguration$JpaWebConfiguration : spring.jpa.open-in-view is enabled by default. Therefore, database queries may be performed during view rendering. Explicitly configure spring.jpa.open-in-view to disable this warning
2021-05-03 02:20:42.750  INFO 5784 --- [    Test worker] o.s.s.concurrent.ThreadPoolTaskExecutor  : Initializing ExecutorService 'applicationTaskExecutor'
2021-05-03 02:20:42.840  INFO 5784 --- [    Test worker] o.s.b.a.w.s.WelcomePageHandlerMapping    : Adding welcome page template: index
2021-05-03 02:20:43.077  INFO 5784 --- [    Test worker] o.s.b.w.embedded.tomcat.TomcatWebServer  : Tomcat started on port(s): 62823 (http) with context path ''
2021-05-03 02:20:43.084  INFO 5784 --- [    Test worker] c.m.p.s.web.CustomerApiControllerTest    : Started CustomerApiControllerTest in 3.727 seconds (JVM running for 4.809)
2021-05-03 02:20:43.289  INFO 5784 --- [o-auto-1-exec-1] o.a.c.c.C.[Tomcat].[localhost].[/]       : Initializing Spring DispatcherServlet 'dispatcherServlet'
2021-05-03 02:20:43.290  INFO 5784 --- [o-auto-1-exec-1] o.s.web.servlet.DispatcherServlet        : Initializing Servlet 'dispatcherServlet'
2021-05-03 02:20:43.290  INFO 5784 --- [o-auto-1-exec-1] o.s.web.servlet.DispatcherServlet        : Completed initialization in 0 ms
Hibernate: insert into customer (created_date, modified_date, age, customername) values (?, ?, ?, ?)
Hibernate: insert into sktservice (created_date, modified_date, customerid, svcnum) values (?, ?, ?, ?)
Hibernate: select customer0_.customername as col_0_0_, customer0_.age as col_1_0_, sktservice1_.svcnum as col_2_0_, sktservice1_.customerid as col_3_0_ from customer customer0_ inner join sktservice sktservice1_ on (customer0_.id=sktservice1_.customerid)
---------------------------테스트 결과---------------------------
테스트 결과 : com.mini.pilot.springboot.domain.customer.Customerinfo@4da4542a
테스트 결과 Age : 10
테스트 결과 Customername : 홍길동
테스트 결과 Svcnum : 010123456789
테스트 결과 CustomerId : 1
Hibernate: select customer0_.id as id1_0_, customer0_.created_date as created_2_0_, customer0_.modified_date as modified3_0_, customer0_.age as age4_0_, customer0_.customername as customer5_0_ from customer customer0_
Hibernate: delete from customer where id=?
]]></system-out>
  <system-err><![CDATA[]]></system-err>
</testsuite>
