<?xml version="1.0" encoding="UTF-8"?>
<testsuite name="com.mini.pilot.springboot.domain.customer.CustomerRepositoryTest" tests="2" skipped="0" failures="0" errors="0" timestamp="2021-04-30T17:21:43" hostname="DESKTOP-N55I75M" time="0.289">
  <properties/>
  <testcase name="고객정보_불러오기()" classname="com.mini.pilot.springboot.domain.customer.CustomerRepositoryTest" time="0.264"/>
  <testcase name="BaseTimeEntity_등록()" classname="com.mini.pilot.springboot.domain.customer.CustomerRepositoryTest" time="0.024"/>
  <system-out><![CDATA[02:21:39.808 [Test worker] DEBUG org.springframework.test.context.BootstrapUtils - Instantiating CacheAwareContextLoaderDelegate from class [org.springframework.test.context.cache.DefaultCacheAwareContextLoaderDelegate]
02:21:39.819 [Test worker] DEBUG org.springframework.test.context.BootstrapUtils - Instantiating BootstrapContext using constructor [public org.springframework.test.context.support.DefaultBootstrapContext(java.lang.Class,org.springframework.test.context.CacheAwareContextLoaderDelegate)]
02:21:39.846 [Test worker] DEBUG org.springframework.test.context.BootstrapUtils - Instantiating TestContextBootstrapper for test class [com.mini.pilot.springboot.domain.customer.CustomerRepositoryTest] from class [org.springframework.boot.test.context.SpringBootTestContextBootstrapper]
02:21:39.856 [Test worker] INFO org.springframework.boot.test.context.SpringBootTestContextBootstrapper - Neither @ContextConfiguration nor @ContextHierarchy found for test class [com.mini.pilot.springboot.domain.customer.CustomerRepositoryTest], using SpringBootContextLoader
02:21:39.860 [Test worker] DEBUG org.springframework.test.context.support.AbstractContextLoader - Did not detect default resource location for test class [com.mini.pilot.springboot.domain.customer.CustomerRepositoryTest]: class path resource [com/mini/pilot/springboot/domain/customer/CustomerRepositoryTest-context.xml] does not exist
02:21:39.861 [Test worker] DEBUG org.springframework.test.context.support.AbstractContextLoader - Did not detect default resource location for test class [com.mini.pilot.springboot.domain.customer.CustomerRepositoryTest]: class path resource [com/mini/pilot/springboot/domain/customer/CustomerRepositoryTestContext.groovy] does not exist
02:21:39.861 [Test worker] INFO org.springframework.test.context.support.AbstractContextLoader - Could not detect default resource locations for test class [com.mini.pilot.springboot.domain.customer.CustomerRepositoryTest]: no resource found for suffixes {-context.xml, Context.groovy}.
02:21:39.862 [Test worker] INFO org.springframework.test.context.support.AnnotationConfigContextLoaderUtils - Could not detect default configuration classes for test class [com.mini.pilot.springboot.domain.customer.CustomerRepositoryTest]: CustomerRepositoryTest does not declare any static, non-private, non-final, nested classes annotated with @Configuration.
02:21:39.898 [Test worker] DEBUG org.springframework.test.context.support.ActiveProfilesUtils - Could not find an 'annotation declaring class' for annotation type [org.springframework.test.context.ActiveProfiles] and class [com.mini.pilot.springboot.domain.customer.CustomerRepositoryTest]
02:21:39.966 [Test worker] DEBUG org.springframework.context.annotation.ClassPathScanningCandidateComponentProvider - Identified candidate component class: file [C:\Users\김도희\IdeaProjects\pilot-springboot-webservice\build\classes\java\main\com\mini\pilot\springboot\Application.class]
02:21:39.966 [Test worker] INFO org.springframework.boot.test.context.SpringBootTestContextBootstrapper - Found @SpringBootConfiguration com.mini.pilot.springboot.Application for test class com.mini.pilot.springboot.domain.customer.CustomerRepositoryTest
02:21:40.050 [Test worker] DEBUG org.springframework.boot.test.context.SpringBootTestContextBootstrapper - @TestExecutionListeners is not present for class [com.mini.pilot.springboot.domain.customer.CustomerRepositoryTest]: using defaults.
02:21:40.050 [Test worker] INFO org.springframework.boot.test.context.SpringBootTestContextBootstrapper - Loaded default TestExecutionListener class names from location [META-INF/spring.factories]: [org.springframework.boot.test.autoconfigure.restdocs.RestDocsTestExecutionListener, org.springframework.boot.test.autoconfigure.web.client.MockRestServiceServerResetTestExecutionListener, org.springframework.boot.test.autoconfigure.web.servlet.MockMvcPrintOnlyOnFailureTestExecutionListener, org.springframework.boot.test.autoconfigure.web.servlet.WebDriverTestExecutionListener, org.springframework.boot.test.autoconfigure.webservices.client.MockWebServiceServerTestExecutionListener, org.springframework.boot.test.mock.mockito.MockitoTestExecutionListener, org.springframework.boot.test.mock.mockito.ResetMocksTestExecutionListener, org.springframework.test.context.web.ServletTestExecutionListener, org.springframework.test.context.support.DirtiesContextBeforeModesTestExecutionListener, org.springframework.test.context.support.DependencyInjectionTestExecutionListener, org.springframework.test.context.support.DirtiesContextTestExecutionListener, org.springframework.test.context.transaction.TransactionalTestExecutionListener, org.springframework.test.context.jdbc.SqlScriptsTestExecutionListener, org.springframework.test.context.event.EventPublishingTestExecutionListener]
02:21:40.065 [Test worker] INFO org.springframework.boot.test.context.SpringBootTestContextBootstrapper - Using TestExecutionListeners: [org.springframework.test.context.web.ServletTestExecutionListener@2e231572, org.springframework.test.context.support.DirtiesContextBeforeModesTestExecutionListener@4f4596ca, org.springframework.boot.test.mock.mockito.MockitoTestExecutionListener@3c23359, org.springframework.boot.test.autoconfigure.SpringBootDependencyInjectionTestExecutionListener@30f1b238, org.springframework.test.context.support.DirtiesContextTestExecutionListener@6cfa9d1, org.springframework.test.context.transaction.TransactionalTestExecutionListener@655f9c04, org.springframework.test.context.jdbc.SqlScriptsTestExecutionListener@7795330d, org.springframework.test.context.event.EventPublishingTestExecutionListener@4ac83fb5, org.springframework.boot.test.autoconfigure.restdocs.RestDocsTestExecutionListener@3132861c, org.springframework.boot.test.autoconfigure.web.client.MockRestServiceServerResetTestExecutionListener@28149382, org.springframework.boot.test.autoconfigure.web.servlet.MockMvcPrintOnlyOnFailureTestExecutionListener@7647c0d6, org.springframework.boot.test.autoconfigure.web.servlet.WebDriverTestExecutionListener@7df96c3c, org.springframework.boot.test.autoconfigure.webservices.client.MockWebServiceServerTestExecutionListener@58de17f9, org.springframework.boot.test.mock.mockito.ResetMocksTestExecutionListener@54da07e3]
02:21:40.065 [Test worker] DEBUG org.springframework.test.context.support.AbstractDirtiesContextTestExecutionListener - Before test class: context [DefaultTestContext@38832204 testClass = CustomerRepositoryTest, testInstance = [null], testMethod = [null], testException = [null], mergedContextConfiguration = [WebMergedContextConfiguration@5a0ce6d1 testClass = CustomerRepositoryTest, locations = '{}', classes = '{class com.mini.pilot.springboot.Application}', contextInitializerClasses = '[]', activeProfiles = '{}', propertySourceLocations = '{}', propertySourceProperties = '{org.springframework.boot.test.context.SpringBootTestContextBootstrapper=true}', contextCustomizers = set[org.springframework.boot.test.autoconfigure.actuate.metrics.MetricsExportContextCustomizerFactory$DisableMetricExportContextCustomizer@2bc2ae24, org.springframework.boot.test.autoconfigure.properties.PropertyMappingContextCustomizer@0, org.springframework.boot.test.autoconfigure.web.servlet.WebDriverContextCustomizerFactory$Customizer@7722ee5d, org.springframework.boot.test.context.filter.ExcludeFilterContextCustomizer@48ac505a, org.springframework.boot.test.json.DuplicateJsonObjectContextCustomizerFactory$DuplicateJsonObjectContextCustomizer@1d87f28b, org.springframework.boot.test.mock.mockito.MockitoContextCustomizer@0, org.springframework.boot.test.web.client.TestRestTemplateContextCustomizer@4d1cb34b, org.springframework.boot.test.context.SpringBootTestArgs@1, org.springframework.boot.test.context.SpringBootTestWebEnvironment@458618c8], resourceBasePath = 'src/main/webapp', contextLoader = 'org.springframework.boot.test.context.SpringBootContextLoader', parent = [null]], attributes = map['org.springframework.test.context.web.ServletTestExecutionListener.activateListener' -> true]], class annotated with @DirtiesContext [false] with mode [null].
02:21:40.097 [Test worker] DEBUG org.springframework.test.context.support.TestPropertySourceUtils - Adding inlined properties to environment: {spring.jmx.enabled=false, org.springframework.boot.test.context.SpringBootTestContextBootstrapper=true}

  .   ____          _            __ _ _
 /\\ / ___'_ __ _ _(_)_ __  __ _ \ \ \ \
( ( )\___ | '_ | '_| | '_ \/ _` | \ \ \ \
 \\/  ___)| |_)| | | | | || (_| |  ) ) ) )
  '  |____| .__|_| |_|_| |_\__, | / / / /
 =========|_|==============|___/=/_/_/_/
 :: Spring Boot ::                (v2.4.1)

2021-05-01 02:21:40.300  INFO 12360 --- [    Test worker] c.m.p.s.d.c.CustomerRepositoryTest       : Starting CustomerRepositoryTest using Java 11.0.10 on DESKTOP-N55I75M with PID 12360 (started by 김도희 in C:\Users\김도희\IdeaProjects\pilot-springboot-webservice)
2021-05-01 02:21:40.300  INFO 12360 --- [    Test worker] c.m.p.s.d.c.CustomerRepositoryTest       : No active profile set, falling back to default profiles: default
2021-05-01 02:21:40.853  INFO 12360 --- [    Test worker] .s.d.r.c.RepositoryConfigurationDelegate : Bootstrapping Spring Data JPA repositories in DEFAULT mode.
2021-05-01 02:21:40.901  INFO 12360 --- [    Test worker] .s.d.r.c.RepositoryConfigurationDelegate : Finished Spring Data repository scanning in 42 ms. Found 1 JPA repository interfaces.
2021-05-01 02:21:41.326  INFO 12360 --- [    Test worker] com.zaxxer.hikari.HikariDataSource       : HikariPool-1 - Starting...
2021-05-01 02:21:41.499  INFO 12360 --- [    Test worker] com.zaxxer.hikari.HikariDataSource       : HikariPool-1 - Start completed.
2021-05-01 02:21:41.561  INFO 12360 --- [    Test worker] o.hibernate.jpa.internal.util.LogHelper  : HHH000204: Processing PersistenceUnitInfo [name: default]
2021-05-01 02:21:41.608  INFO 12360 --- [    Test worker] org.hibernate.Version                    : HHH000412: Hibernate ORM core version 5.4.25.Final
2021-05-01 02:21:41.765  INFO 12360 --- [    Test worker] o.hibernate.annotations.common.Version   : HCANN000001: Hibernate Commons Annotations {5.1.2.Final}
2021-05-01 02:21:41.878  INFO 12360 --- [    Test worker] org.hibernate.dialect.Dialect            : HHH000400: Using dialect: org.hibernate.dialect.MySQL57Dialect
Hibernate: drop table if exists customer
Hibernate: create table customer (id bigint not null auto_increment, created_date datetime(6), modified_date datetime(6), age integer not null, customername varchar(500) not null, primary key (id)) engine=InnoDB
2021-05-01 02:21:42.426  INFO 12360 --- [    Test worker] o.h.e.t.j.p.i.JtaPlatformInitiator       : HHH000490: Using JtaPlatform implementation: [org.hibernate.engine.transaction.jta.platform.internal.NoJtaPlatform]
2021-05-01 02:21:42.426  INFO 12360 --- [    Test worker] j.LocalContainerEntityManagerFactoryBean : Initialized JPA EntityManagerFactory for persistence unit 'default'
2021-05-01 02:21:42.965  WARN 12360 --- [    Test worker] JpaBaseConfiguration$JpaWebConfiguration : spring.jpa.open-in-view is enabled by default. Therefore, database queries may be performed during view rendering. Explicitly configure spring.jpa.open-in-view to disable this warning
2021-05-01 02:21:43.161  INFO 12360 --- [    Test worker] o.s.s.concurrent.ThreadPoolTaskExecutor  : Initializing ExecutorService 'applicationTaskExecutor'
2021-05-01 02:21:43.239  INFO 12360 --- [    Test worker] o.s.b.a.w.s.WelcomePageHandlerMapping    : Adding welcome page template: index
2021-05-01 02:21:43.459  INFO 12360 --- [    Test worker] c.m.p.s.d.c.CustomerRepositoryTest       : Started CustomerRepositoryTest in 3.361 seconds (JVM running for 4.4)
Hibernate: insert into customer (created_date, modified_date, age, customername) values (?, ?, ?, ?)
Hibernate: select customer0_.id as id1_0_, customer0_.created_date as created_2_0_, customer0_.modified_date as modified3_0_, customer0_.age as age4_0_, customer0_.customername as customer5_0_ from customer customer0_
Hibernate: select customer0_.id as id1_0_, customer0_.created_date as created_2_0_, customer0_.modified_date as modified3_0_, customer0_.age as age4_0_, customer0_.customername as customer5_0_ from customer customer0_
Hibernate: delete from customer where id=?
Hibernate: insert into customer (created_date, modified_date, age, customername) values (?, ?, ?, ?)
Hibernate: select customer0_.id as id1_0_, customer0_.created_date as created_2_0_, customer0_.modified_date as modified3_0_, customer0_.age as age4_0_, customer0_.customername as customer5_0_ from customer customer0_
>>>>>>>>>>>> create Date = 2021-05-01T02:21:43.747548, modifiedDtae = 2021-05-01T02:21:43.747548
Hibernate: select customer0_.id as id1_0_, customer0_.created_date as created_2_0_, customer0_.modified_date as modified3_0_, customer0_.age as age4_0_, customer0_.customername as customer5_0_ from customer customer0_
Hibernate: delete from customer where id=?
]]></system-out>
  <system-err><![CDATA[]]></system-err>
</testsuite>
